<?xml version="1.0" encoding="UTF-8"?>
<!-- Generated by org.testng.reporters.JUnitReportReporter -->
<testsuite hostname="Naveens-MacBook-Air.local" name="com.qa.tests.GetAPITest" tests="2" failures="0" timestamp="10 Oct 2017 21:31:20 GMT" time="3.095" errors="0">
  <testcase name="getAPITestWithHeaders" time="0.911" classname="com.qa.tests.GetAPITest"/>
  <testcase name="getAPITestWithoutHeaders" time="2.184" classname="com.qa.tests.GetAPITest"/>
</testsuite> <!-- com.qa.tests.GetAPITest -->
